Mon, Feb 21 2022 08:33PM: Failed Offers
Tue, Feb 22 2022 06:12PM: Failed Mobile Search, Offers, Latest Punch Card Activity
Tue, Feb 22 2022 06:25PM: Failed Offers
Thu, Feb 24 2022 03:00PM: Failed Offers
Fri, Feb 25 2022 02:28PM: Failed Mobile Search, Offers, Latest Punch Card Activity
Fri, Feb 25 2022 02:38PM: Failed Offers
Sat, Feb 26 2022 12:32PM: Failed Mobile Search, Offers, Latest Punch Card Activity
Sat, Feb 26 2022 12:40PM: Failed Mobile Search, Offers, Latest Punch Card Activity
Sat, Feb 26 2022 12:41PM: Failed Offers
Sun, Feb 27 2022 04:09PM: Failed Offers
Mon, Feb 28 2022 01:02PM: Failed Offers
Wed, Mar 02 2022 10:43AM: Failed Offers
Thu, Mar 03 2022 12:59PM: Failed Mobile Search, Offers, Latest Punch Card Activity
Thu, Mar 03 2022 01:08PM: Failed Offers
Fri, Mar 04 2022 10:04AM: Failed Mobile Search, Offers, Latest Punch Card Activity
Fri, Mar 04 2022 10:25AM: Failed Offers
Sun, Mar 06 2022 12:51PM: Failed Mobile Search, Offers, Latest Punch Card Activity
Sun, Mar 06 2022 12:57PM: Failed Offers
Mon, Mar 07 2022 09:42AM: Failed Mobile Search, Offers, Latest Punch Card Activity
Mon, Mar 07 2022 10:03AM: Failed Offers
Tue, Mar 08 2022 02:16PM: Failed Mobile Search, Offers, Latest Punch Card Activity
Tue, Mar 08 2022 02:30PM: Failed Offers
Wed, Mar 09 2022 09:36AM: Failed Mobile Search, Offers, Latest Punch Card Activity
Wed, Mar 09 2022 09:47AM: Failed Mobile Search, Offers, Latest Punch Card Activity
Wed, Mar 09 2022 09:48AM: Failed Offers
Thu, Mar 10 2022 04:04PM: Failed Mobile Search, Offers, Latest Punch Card Activity
Thu, Mar 10 2022 04:16PM: Failed Offers
Fri, Mar 11 2022 09:52AM: Failed Mobile Search, Offers, Latest Punch Card Activity
Fri, Mar 11 2022 10:09AM: Failed Offers
