deion sanders
iphone se 2022
ukraine russian
ciara
camila cabello
russell westbrook
rodgers
dk metcalf
bobby wagner
mig29
russell wilson
apple
liverpool
joro spider
aaron rodgers contract
are there more doors or wheels in the world
shelby harris
champions league
russel wilson
spotify
davante adams
dont say gay bill
biden executive order crypto
denver broncos
russell wilson broncos
uefa champions league
are there more wheels or doors in the world
dont say gay bill
deshaun watson
mac studio
ipad air
iphone se
aaron rodgers
kevin durant
breeze airways
is there more doors or wheels in the world
jimmy garoppolo
russell wilson trade
jerry jeudy
russel wilson trade
drew lock
nfl
noah fant
liverpool vs inter
seahawks
kyrie irving
packers
jordan love
apple event
seattle seahawks
broncos
fbi most wanted
iowa basketball
michigan state basketball
